2024-08-09 17:31:26.204 | INFO | Loading web data from webpages/angler_darkleech and creating metadata.yaml......
2024-08-09 17:31:26.205 | INFO | metadata.yaml loaded.
2024-08-09 17:31:26.260 | WARNING | 文件夹 webpages/angler_darkleech\css 不存在
2024-08-09 17:31:26.260 | WARNING | 文件夹 webpages/angler_darkleech\js 不存在
2024-08-09 17:31:26.264 | INFO | url:angler_darkleech
2024-08-09 17:31:26.264 | INFO | crawled time: 
2024-08-09 17:31:26.264 | INFO | find 6 HTML files:['2015-10-13 pseudo-Darkleech Script_injected.html', '2015-12-16 pseudo-Darkleech Script_injected.html', '2016-02-05 pseudo-Darkleech Script_injected.html', '2016-02-24 pseudo-Darkleech Script_injected.html', '2016-03-07 pseudo-Darkleech Script_injected.html', '2016-03-14 pseudo-Darkleech Script_injected.html']
2024-08-09 17:31:26.265 | INFO | find 0 JavaScript files:[]
2024-08-09 17:31:26.265 | INFO | find 0 CSS files:[]
2024-08-09 17:31:26.265 | INFO | Loading web data finished. Time: 60.95ms
2024-08-09 17:31:26.265 | INFO | ===========================================================================
2024-08-09 17:31:26.265 | INFO | Loading feature extractors from src/static_features/......
2024-08-09 17:31:26.592 | INFO | ---------------------------------------------------------------------------
2024-08-09 17:31:26.593 | INFO | Finished loading feature extractors. Time: 327.73ms
2024-08-09 17:31:26.593 | INFO | ===========================================================================
2024-08-09 17:31:26.593 | INFO | Extracting features......
2024-08-09 17:31:26.593 | INFO | Extractor Finished in 0.00 ms: AbnormalAttributeCSS. 
2024-08-09 17:31:26.593 | INFO | Extractor Finished in 0.00 ms: BlendModeCSS. 
2024-08-09 17:31:26.593 | INFO | Extractor Finished in 0.00 ms: ComplexSelectorCSS. 
2024-08-09 17:31:26.594 | INFO | Extractor Finished in 0.00 ms: FilterCSS. 
2024-08-09 17:31:26.594 | INFO | Extractor Finished in 0.00 ms: FontUnusedCSS. 
2024-08-09 17:31:26.594 | INFO | Extractor Finished in 0.00 ms: PerformanceDegradationCSS. 
2024-08-09 17:31:26.594 | INFO | Extractor Finished in 0.00 ms: WordCountCSS. 
2024-08-09 17:31:26.594 | INFO | Extractor Finished in 0.00 ms: ZIndexCSS. 
2024-08-09 17:31:26.599 | INFO | Extractor Finished in 4.99 ms: EncodedStringHTML. 
2024-08-09 17:31:26.605 | INFO | Extractor Finished in 4.99 ms: EncodedURLHTML. 
2024-08-09 17:31:26.609 | INFO | Extractor Finished in 3.99 ms: FrameSetHTML. 
2024-08-09 17:31:26.615 | INFO | Extractor Finished in 6.59 ms: HiddenHTML. 
2024-08-09 17:31:26.619 | INFO | Extractor Finished in 3.99 ms: HTML5_TagsHTML. 
2024-08-09 17:31:26.624 | INFO | Extractor Finished in 4.99 ms: IPExistHTML. 
2024-08-09 17:31:26.628 | INFO | Extractor Finished in 3.99 ms: NoFrameHTML. 
2024-08-09 17:31:26.638 | INFO | Extractor Finished in 10.00 ms: XSSHTML. 
2024-08-09 17:31:26.639 | INFO | Extractor Finished in 0.00 ms: NullCharacterHTML. 
2024-08-09 17:31:26.643 | INFO | Extractor Finished in 3.99 ms: PortHTML. 
2024-08-09 17:31:26.648 | INFO | Extractor Finished in 4.99 ms: UnsymmetricalTagHTML. 
2024-08-09 17:31:26.652 | INFO | Extractor Finished in 3.96 ms: CharCountHTML. 
2024-08-09 17:31:26.655 | INFO | Extractor Finished in 3.02 ms: DoubleDocumentsHTML. 
2024-08-09 17:31:26.659 | INFO | Extractor Finished in 2.99 ms: EmbedAndObjectHTML. 
2024-08-09 17:31:26.663 | INFO | Extractor Finished in 3.96 ms: IncludedUrlsHTML. 
2024-08-09 17:31:26.666 | INFO | Extractor Finished in 2.99 ms: KnownMaliciousPatternsHTML. 
2024-08-09 17:31:26.670 | INFO | Extractor Finished in 3.99 ms: OutOfPlaceHTML. 
2024-08-09 17:31:26.674 | INFO | Extractor Finished in 3.99 ms: ScriptNumHTML. 
2024-08-09 17:31:26.678 | INFO | Extractor Finished in 4.02 ms: ScriptRatioHTML. 
2024-08-09 17:31:26.681 | INFO | Extractor Finished in 2.99 ms: ScriptWrongExtentionHTML. 
2024-08-09 17:31:26.684 | INFO | Extractor Finished in 2.99 ms: SmallAreaElementsHTML. 
2024-08-09 17:31:26.688 | INFO | Extractor Finished in 2.99 ms: SourceExternalHTML. 
2024-08-09 17:31:26.693 | INFO | Extractor Finished in 4.96 ms: SuspiciousContentElementsHTML. 
2024-08-09 17:31:26.697 | INFO | Extractor Finished in 2.99 ms: SuspiciousObjectsHTML. 
2024-08-09 17:31:26.700 | INFO | Extractor Finished in 2.96 ms: UnknownTagsHTML. 
2024-08-09 17:31:26.709 | INFO | Extractor Finished in 8.98 ms: WordCountHTML. 
2024-08-09 17:31:26.710 | INFO | Extractor Finished in 0.00 ms: DocPropertiesJS. 
2024-08-09 17:31:26.710 | INFO | Extractor Finished in 0.00 ms: DocWriteJS. 
2024-08-09 17:31:26.710 | INFO | Extractor Finished in 0.00 ms: FormMethodJS. 
2024-08-09 17:31:26.710 | INFO | Extractor Finished in 0.00 ms: GetComputedStyleJS. 
2024-08-09 17:31:26.710 | INFO | Extractor Finished in 0.00 ms: GlobalFuncJS. 
2024-08-09 17:31:26.710 | INFO | Extractor Finished in 0.00 ms: HTML_5_EventsJS. 
2024-08-09 17:31:26.711 | INFO | Extractor Finished in 0.00 ms: JQueryJS. 
2024-08-09 17:31:26.711 | INFO | Extractor Finished in 0.00 ms: LocationJS. 
2024-08-09 17:31:26.711 | INFO | Extractor Finished in 0.00 ms: VBScriptJS. 
2024-08-09 17:31:26.711 | INFO | Extractor Finished in 0.00 ms: ActiveXJS. 
2024-08-09 17:31:26.711 | INFO | Extractor Finished in 0.00 ms: DomIdentityKeywordJS. 
2024-08-09 17:31:26.711 | INFO | Extractor Finished in 0.00 ms: DynamicCSSJS. 
2024-08-09 17:31:26.711 | INFO | Extractor Finished in 0.00 ms: TokenCountJS. 
2024-08-09 17:31:26.712 | INFO | Extractor Finished in 0.00 ms: WordCountJS. 
2024-08-09 17:31:26.712 | INFO | Extractor Finished in 0.00 ms: ContentEntropyJS. 
2024-08-09 17:31:26.712 | INFO | Extractor Finished in 0.00 ms: DeobfuscationFuncJS. 
2024-08-09 17:31:26.712 | INFO | Extractor Finished in 0.00 ms: DirectStrAssignJS. 
2024-08-09 17:31:26.712 | INFO | Extractor Finished in 0.00 ms: DomModifyJS. 
2024-08-09 17:31:26.713 | INFO | Extractor Finished in 0.00 ms: EvalJS. 
2024-08-09 17:31:26.713 | INFO | Extractor Finished in 0.00 ms: EventAttachmentJS. 
2024-08-09 17:31:26.713 | INFO | Extractor Finished in 0.00 ms: IframeJS. 
2024-08-09 17:31:26.713 | INFO | Extractor Finished in 0.00 ms: KeywordRatioJS. 
2024-08-09 17:31:26.713 | INFO | Extractor Finished in 0.00 ms: LongStringJS. 
2024-08-09 17:31:26.714 | INFO | Extractor Finished in 0.00 ms: SetTimeoutIntervalJS. 
2024-08-09 17:31:26.714 | INFO | Extractor Finished in 0.00 ms: ShellcodeJS. 
2024-08-09 17:31:26.714 | INFO | Extractor Finished in 0.00 ms: StringEntropyJS. 
2024-08-09 17:31:26.715 | INFO | Extractor Finished in 0.00 ms: SuspiciousStringJS. 
2024-08-09 17:31:26.715 | INFO | Extractor Finished in 0.00 ms: SuspiciousTagJS. 
2024-08-09 17:31:26.715 | INFO | Extractor Finished in 0.00 ms: IPURL. 
2024-08-09 17:31:26.715 | INFO | Extractor Finished in 0.00 ms: SubDomainURL. 
2024-08-09 17:31:26.715 | INFO | Extractor Finished in 0.00 ms: SuspiciousPatternURL. 
2024-08-09 17:31:26.716 | INFO | ---------------------------------------------------------------------------
2024-08-09 17:31:26.716 | INFO | Feature extraction finished in 122.80 ms: 65 success, 0 failed. Starting writing results to file......
2024-08-09 17:31:26.721 | INFO | Writing to file finished. Time: 4.99ms
2024-08-09 17:31:26.729 | INFO | ***************************************************************************
2024-08-09 17:31:26.730 | INFO | Now start loading rules from src/static_rules/......
2024-08-09 17:31:26.731 | INFO | Finished loading rules. Time: 1.99ms
2024-08-09 17:31:26.732 | INFO | ===========================================================================
2024-08-09 17:31:26.732 | INFO | Analyzing rules......
2024-08-09 17:31:26.732 | INFO | Rule Finished: WordLenCSS. Time: 0.00ms
2024-08-09 17:31:26.732 | INFO | Rule Finished: WordLenHTML. Time: 0.00ms
2024-08-09 17:31:26.732 | INFO | Rule Finished: WordLenJS. Time: 0.00ms
2024-08-09 17:31:26.732 | INFO | ---------------------------------------------------------------------------
2024-08-09 17:31:26.732 | INFO | Rule analysis finished in 0.00 ms: 3 success, 0 failed. Starting writing results to file......
2024-08-09 17:31:26.734 | INFO | ---------------------------------------------------------------------------
2024-08-09 17:31:26.734 | INFO | Final score: 
2024-08-09 17:31:26.735 | INFO | 2015-10-13 pseudo-Darkleech Script_injected.html : 59.756
2024-08-09 17:31:26.735 | INFO | 2015-12-16 pseudo-Darkleech Script_injected.html : 76.265
2024-08-09 17:31:26.735 | INFO | 2016-02-05 pseudo-Darkleech Script_injected.html : 24.105
2024-08-09 17:31:26.735 | INFO | 2016-02-24 pseudo-Darkleech Script_injected.html : 21.830
2024-08-09 17:31:26.735 | INFO | 2016-03-07 pseudo-Darkleech Script_injected.html : 25.150
2024-08-09 17:31:26.735 | INFO | 2016-03-14 pseudo-Darkleech Script_injected.html : 28.528
2024-08-09 17:31:26.735 | INFO | All finished.
